<?xml version="1.0" encoding="UTF-8"?>
<testng-results skipped="0" failed="0" total="1" passed="1">
  <reporter-output>
  </reporter-output>
  <suite name="Surefire suite" duration-ms="11775" started-at="2022-04-15T09:52:35Z" finished-at="2022-04-15T09:52:47Z">
    <groups>
    </groups>
    <test name="Surefire test" duration-ms="11775" started-at="2022-04-15T09:52:35Z" finished-at="2022-04-15T09:52:47Z">
      <class name="EmulatorTest">
        <test-method status="PASS" signature="SetUp()[pri:0, instance:EmulatorTest@90f6bfd]" name="SetUp" is-config="true" duration-ms="8271" started-at="2022-04-15T12:52:35Z" finished-at="2022-04-15T12:52:44Z">
          <reporter-output>
          </reporter-output>
        </test-method> <!-- SetUp -->
        <test-method status="PASS" signature="testPlusEmul()[pri:0, instance:EmulatorTest@90f6bfd]" name="testPlusEmul" duration-ms="3115" started-at="2022-04-15T12:52:44Z" finished-at="2022-04-15T12:52:47Z">
          <reporter-output>
          </reporter-output>
        </test-method> <!-- testPlusEmul -->
        <test-method status="PASS" signature="tearDown()[pri:0, instance:EmulatorTest@90f6bfd]" name="tearDown" is-config="true" duration-ms="377" started-at="2022-04-15T12:52:47Z" finished-at="2022-04-15T12:52:47Z">
          <reporter-output>
          </reporter-output>
        </test-method> <!-- tearDown -->
      </class> <!-- EmulatorTest -->
    </test> <!-- Surefire test -->
  </suite> <!-- Surefire suite -->
</testng-results>
